[2025-02-07 18:28:09Z INFO HostContext] No proxy settings were found based on environmental variables (http_proxy/https_proxy/HTTP_PROXY/HTTPS_PROXY)
[2025-02-07 18:28:09Z INFO HostContext] Well known directory 'Bin': '/Users/manirastegari/George Brown College/Semester 3/WIP/ArtConnect/ArtConnect/ArtConnectApp/actions-runner/bin'
[2025-02-07 18:28:09Z INFO HostContext] Well known directory 'Root': '/Users/manirastegari/George Brown College/Semester 3/WIP/ArtConnect/ArtConnect/ArtConnectApp/actions-runner'
[2025-02-07 18:28:09Z INFO HostContext] Well known config file 'Credentials': '/Users/manirastegari/George Brown College/Semester 3/WIP/ArtConnect/ArtConnect/ArtConnectApp/actions-runner/.credentials'
[2025-02-07 18:28:09Z INFO HostContext] Well known directory 'Bin': '/Users/manirastegari/George Brown College/Semester 3/WIP/ArtConnect/ArtConnect/ArtConnectApp/actions-runner/bin'
[2025-02-07 18:28:09Z INFO HostContext] Well known directory 'Root': '/Users/manirastegari/George Brown College/Semester 3/WIP/ArtConnect/ArtConnect/ArtConnectApp/actions-runner'
[2025-02-07 18:28:09Z INFO HostContext] Well known config file 'Runner': '/Users/manirastegari/George Brown College/Semester 3/WIP/ArtConnect/ArtConnect/ArtConnectApp/actions-runner/.runner'
[2025-02-07 18:28:09Z INFO Listener] Runner is built for OSX (X64) - osx-x64.
[2025-02-07 18:28:09Z INFO Listener] RuntimeInformation: Darwin 24.3.0 Darwin Kernel Version 24.3.0: Thu Jan  2 20:24:06 PST 2025; root:xnu-11215.81.4~3/RELEASE_ARM64_T8103.
[2025-02-07 18:28:09Z INFO Listener] Version: 2.322.0
[2025-02-07 18:28:09Z INFO Listener] Commit: 0edc478ca75d0a753dcbcec7405f3f26db67b1ac
[2025-02-07 18:28:09Z INFO Listener] Culture: en-US
[2025-02-07 18:28:09Z INFO Listener] UI Culture: en-US
[2025-02-07 18:28:09Z INFO HostContext] Well known directory 'Bin': '/Users/manirastegari/George Brown College/Semester 3/WIP/ArtConnect/ArtConnect/ArtConnectApp/actions-runner/bin'
[2025-02-07 18:28:09Z INFO HostContext] Well known directory 'Root': '/Users/manirastegari/George Brown College/Semester 3/WIP/ArtConnect/ArtConnect/ArtConnectApp/actions-runner'
[2025-02-07 18:28:09Z INFO Listener] Validating directory permissions for: '/Users/manirastegari/George Brown College/Semester 3/WIP/ArtConnect/ArtConnect/ArtConnectApp/actions-runner'
[2025-02-07 18:28:09Z INFO CommandLineParser] Parse
[2025-02-07 18:28:09Z INFO CommandLineParser] Parsing 1 args
[2025-02-07 18:28:09Z INFO CommandLineParser] parsing argument
[2025-02-07 18:28:09Z INFO CommandLineParser] HasArgs: False
[2025-02-07 18:28:09Z INFO CommandLineParser] Adding Command: run
[2025-02-07 18:28:09Z INFO Listener] Arguments parsed
[2025-02-07 18:28:09Z INFO Runner] ExecuteCommand
[2025-02-07 18:28:09Z INFO ConfigurationStore] currentAssemblyLocation: /Users/manirastegari/George Brown College/Semester 3/WIP/ArtConnect/ArtConnect/ArtConnectApp/actions-runner/bin/Runner.Listener.dll
[2025-02-07 18:28:09Z INFO HostContext] Well known directory 'Bin': '/Users/manirastegari/George Brown College/Semester 3/WIP/ArtConnect/ArtConnect/ArtConnectApp/actions-runner/bin'
[2025-02-07 18:28:09Z INFO ConfigurationStore] binPath: /Users/manirastegari/George Brown College/Semester 3/WIP/ArtConnect/ArtConnect/ArtConnectApp/actions-runner/bin
[2025-02-07 18:28:09Z INFO HostContext] Well known directory 'Bin': '/Users/manirastegari/George Brown College/Semester 3/WIP/ArtConnect/ArtConnect/ArtConnectApp/actions-runner/bin'
[2025-02-07 18:28:09Z INFO HostContext] Well known directory 'Root': '/Users/manirastegari/George Brown College/Semester 3/WIP/ArtConnect/ArtConnect/ArtConnectApp/actions-runner'
[2025-02-07 18:28:09Z INFO ConfigurationStore] RootFolder: /Users/manirastegari/George Brown College/Semester 3/WIP/ArtConnect/ArtConnect/ArtConnectApp/actions-runner
[2025-02-07 18:28:09Z INFO HostContext] Well known directory 'Bin': '/Users/manirastegari/George Brown College/Semester 3/WIP/ArtConnect/ArtConnect/ArtConnectApp/actions-runner/bin'
[2025-02-07 18:28:09Z INFO HostContext] Well known directory 'Root': '/Users/manirastegari/George Brown College/Semester 3/WIP/ArtConnect/ArtConnect/ArtConnectApp/actions-runner'
[2025-02-07 18:28:09Z INFO HostContext] Well known config file 'Runner': '/Users/manirastegari/George Brown College/Semester 3/WIP/ArtConnect/ArtConnect/ArtConnectApp/actions-runner/.runner'
[2025-02-07 18:28:09Z INFO ConfigurationStore] ConfigFilePath: /Users/manirastegari/George Brown College/Semester 3/WIP/ArtConnect/ArtConnect/ArtConnectApp/actions-runner/.runner
[2025-02-07 18:28:09Z INFO HostContext] Well known directory 'Bin': '/Users/manirastegari/George Brown College/Semester 3/WIP/ArtConnect/ArtConnect/ArtConnectApp/actions-runner/bin'
[2025-02-07 18:28:09Z INFO HostContext] Well known directory 'Root': '/Users/manirastegari/George Brown College/Semester 3/WIP/ArtConnect/ArtConnect/ArtConnectApp/actions-runner'
[2025-02-07 18:28:09Z INFO HostContext] Well known config file 'Credentials': '/Users/manirastegari/George Brown College/Semester 3/WIP/ArtConnect/ArtConnect/ArtConnectApp/actions-runner/.credentials'
[2025-02-07 18:28:09Z INFO ConfigurationStore] CredFilePath: /Users/manirastegari/George Brown College/Semester 3/WIP/ArtConnect/ArtConnect/ArtConnectApp/actions-runner/.credentials
[2025-02-07 18:28:09Z INFO HostContext] Well known directory 'Bin': '/Users/manirastegari/George Brown College/Semester 3/WIP/ArtConnect/ArtConnect/ArtConnectApp/actions-runner/bin'
[2025-02-07 18:28:09Z INFO HostContext] Well known directory 'Root': '/Users/manirastegari/George Brown College/Semester 3/WIP/ArtConnect/ArtConnect/ArtConnectApp/actions-runner'
[2025-02-07 18:28:09Z INFO HostContext] Well known config file 'MigratedCredentials': '/Users/manirastegari/George Brown College/Semester 3/WIP/ArtConnect/ArtConnect/ArtConnectApp/actions-runner/.credentials_migrated'
[2025-02-07 18:28:09Z INFO ConfigurationStore] MigratedCredFilePath: /Users/manirastegari/George Brown College/Semester 3/WIP/ArtConnect/ArtConnect/ArtConnectApp/actions-runner/.credentials_migrated
[2025-02-07 18:28:09Z INFO HostContext] Well known directory 'Bin': '/Users/manirastegari/George Brown College/Semester 3/WIP/ArtConnect/ArtConnect/ArtConnectApp/actions-runner/bin'
[2025-02-07 18:28:09Z INFO HostContext] Well known directory 'Root': '/Users/manirastegari/George Brown College/Semester 3/WIP/ArtConnect/ArtConnect/ArtConnectApp/actions-runner'
[2025-02-07 18:28:09Z INFO HostContext] Well known config file 'Service': '/Users/manirastegari/George Brown College/Semester 3/WIP/ArtConnect/ArtConnect/ArtConnectApp/actions-runner/.service'
[2025-02-07 18:28:09Z INFO ConfigurationStore] ServiceConfigFilePath: /Users/manirastegari/George Brown College/Semester 3/WIP/ArtConnect/ArtConnect/ArtConnectApp/actions-runner/.service
[2025-02-07 18:28:09Z INFO CommandSettings] Flag 'help': 'False'
[2025-02-07 18:28:09Z INFO CommandSettings] Flag 'version': 'False'
[2025-02-07 18:28:09Z INFO CommandSettings] Flag 'commit': 'False'
[2025-02-07 18:28:09Z INFO CommandSettings] Flag 'check': 'False'
[2025-02-07 18:28:09Z INFO CommandSettings] Command 'configure': 'False'
[2025-02-07 18:28:09Z INFO CommandSettings] Command 'remove': 'False'
[2025-02-07 18:28:09Z INFO CommandSettings] Command 'warmup': 'False'
[2025-02-07 18:28:09Z INFO ConfigurationManager] LoadSettings
[2025-02-07 18:28:09Z INFO ConfigurationStore] IsConfigured()
[2025-02-07 18:28:09Z INFO ConfigurationStore] IsConfigured: True
[2025-02-07 18:28:09Z INFO ConfigurationManager] Is configured: True
[2025-02-07 18:28:09Z INFO ConfigurationStore] Read setting file: 308 chars
[2025-02-07 18:28:09Z INFO ConfigurationManager] Settings Loaded
[2025-02-07 18:28:09Z INFO ConfigurationStore] IsServiceConfigured()
[2025-02-07 18:28:09Z INFO ConfigurationStore] IsServiceConfigured: False
[2025-02-07 18:28:09Z INFO CommandSettings] Command 'run': 'True'
[2025-02-07 18:28:09Z INFO ConfigurationStore] IsConfigured()
[2025-02-07 18:28:09Z INFO ConfigurationStore] IsConfigured: True
[2025-02-07 18:28:09Z INFO ConfigurationManager] Is configured: True
[2025-02-07 18:28:09Z INFO Runner] Could not parse the argument value '' for StartupType. Defaulting to Manual
[2025-02-07 18:28:09Z INFO Runner] Set runner startup type - Manual
[2025-02-07 18:28:09Z INFO CommandSettings] Flag 'once': 'False'
[2025-02-07 18:28:09Z INFO CommandSettings] Flag 'once': 'False'
[2025-02-07 18:28:09Z INFO Runner] RunAsync
[2025-02-07 18:28:09Z INFO ConfigurationManager] LoadSettings
[2025-02-07 18:28:09Z INFO ConfigurationStore] IsConfigured()
[2025-02-07 18:28:09Z INFO ConfigurationStore] IsConfigured: True
[2025-02-07 18:28:09Z INFO ConfigurationManager] Is configured: True
[2025-02-07 18:28:09Z INFO ConfigurationManager] Settings Loaded
[2025-02-07 18:28:09Z INFO MessageListener] {
  "AgentId": 2,
  "AgentName": "Manis-MacBook-Pro",
  "PoolId": 1,
  "PoolName": "Default",
  "ServerUrl": "https://pipelinesghubeus14.actions.githubusercontent.com/w9VRlItYJdL8GZfcMDnuhN2MOrh6gikkttknVpHamkc5XWjFx3/",
  "GitHubUrl": "https://github.com/manirastegari/ArtConnect",
  "WorkFolder": "_work"
}
[2025-02-07 18:28:09Z INFO MessageListener] Loading Credentials
[2025-02-07 18:28:09Z INFO ConfigurationStore] HasCredentials()
[2025-02-07 18:28:09Z INFO ConfigurationStore] stored True
[2025-02-07 18:28:09Z INFO CredentialManager] GetCredentialProvider
[2025-02-07 18:28:09Z INFO CredentialManager] Creating type OAuth
[2025-02-07 18:28:09Z INFO CredentialManager] Creating credential type: OAuth
[2025-02-07 18:28:09Z INFO HostContext] Well known directory 'Bin': '/Users/manirastegari/George Brown College/Semester 3/WIP/ArtConnect/ArtConnect/ArtConnectApp/actions-runner/bin'
[2025-02-07 18:28:09Z INFO HostContext] Well known directory 'Root': '/Users/manirastegari/George Brown College/Semester 3/WIP/ArtConnect/ArtConnect/ArtConnectApp/actions-runner'
[2025-02-07 18:28:09Z INFO HostContext] Well known config file 'RSACredentials': '/Users/manirastegari/George Brown College/Semester 3/WIP/ArtConnect/ArtConnect/ArtConnectApp/actions-runner/.credentials_rsaparams'
[2025-02-07 18:28:09Z INFO RSAFileKeyManager] Loading RSA key parameters from file /Users/manirastegari/George Brown College/Semester 3/WIP/ArtConnect/ArtConnect/ArtConnectApp/actions-runner/.credentials_rsaparams
[2025-02-07 18:28:09Z INFO MessageListener] Attempt to create session.
[2025-02-07 18:28:09Z INFO MessageListener] Connecting to the Runner Server...
[2025-02-07 18:28:09Z INFO RunnerServer] EstablishVssConnection
[2025-02-07 18:28:09Z INFO RunnerServer] Establish connection with 100 seconds timeout.
[2025-02-07 18:28:10Z INFO GitHubActionsService] Starting operation Location.GetConnectionData
[2025-02-07 18:28:10Z INFO RunnerServer] EstablishVssConnection
[2025-02-07 18:28:10Z INFO RunnerServer] Establish connection with 60 seconds timeout.
[2025-02-07 18:28:10Z INFO GitHubActionsService] Starting operation Location.GetConnectionData
[2025-02-07 18:28:10Z INFO RunnerServer] EstablishVssConnection
[2025-02-07 18:28:10Z INFO RunnerServer] Establish connection with 60 seconds timeout.
[2025-02-07 18:28:10Z INFO GitHubActionsService] Starting operation Location.GetConnectionData
[2025-02-07 18:28:10Z INFO GitHubActionsService] Finished operation Location.GetConnectionData
[2025-02-07 18:28:10Z INFO GitHubActionsService] Finished operation Location.GetConnectionData
[2025-02-07 18:28:10Z INFO GitHubActionsService] Finished operation Location.GetConnectionData
[2025-02-07 18:28:11Z INFO MessageListener] VssConnection created
[2025-02-07 18:28:11Z INFO Terminal] WRITE LINE: 
[2025-02-07 18:28:11Z INFO Terminal] WRITE LINE: 
[2025-02-07 18:28:11Z INFO RSAFileKeyManager] Loading RSA key parameters from file /Users/manirastegari/George Brown College/Semester 3/WIP/ArtConnect/ArtConnect/ArtConnectApp/actions-runner/.credentials_rsaparams
[2025-02-07 18:28:11Z INFO RSAFileKeyManager] Loading RSA key parameters from file /Users/manirastegari/George Brown College/Semester 3/WIP/ArtConnect/ArtConnect/ArtConnectApp/actions-runner/.credentials_rsaparams
[2025-02-07 18:28:11Z INFO GitHubActionsService] AAD Correlation ID for this token request: Unknown
[2025-02-07 18:28:11Z INFO MessageListener] Session created.
[2025-02-07 18:28:11Z INFO Terminal] WRITE LINE: Current runner version: '2.322.0'
[2025-02-07 18:28:11Z INFO Terminal] WRITE LINE: 2025-02-07 18:28:11Z: Listening for Jobs
[2025-02-07 18:28:11Z INFO JobDispatcher] Set runner/worker IPC timeout to 30 seconds.
[2025-02-07 18:28:11Z INFO RSAFileKeyManager] Loading RSA key parameters from file /Users/manirastegari/George Brown College/Semester 3/WIP/ArtConnect/ArtConnect/ArtConnectApp/actions-runner/.credentials_rsaparams
[2025-02-07 18:28:11Z INFO GitHubActionsService] AAD Correlation ID for this token request: Unknown
[2025-02-07 18:28:14Z INFO Terminal] WRITE LINE: Exiting...
[2025-02-07 18:28:14Z INFO ConfigurationStore] IsServiceConfigured()
[2025-02-07 18:28:14Z INFO ConfigurationStore] IsServiceConfigured: False
[2025-02-07 18:28:14Z INFO HostContext] Runner will be shutdown for UserCancelled
[2025-02-07 18:28:14Z WARN GitHubActionsService] GET request to https://broker.actions.githubusercontent.com/message?sessionId=295dbfaa-ba84-4cbf-ab9a-caa8ffd9811c&status=Online&runnerVersion=2.322.0&os=macOS&architecture=X64&disableUpdate=false has been cancelled.
[2025-02-07 18:28:14Z ERR  BrokerServer] Catch exception during request
[2025-02-07 18:28:14Z ERR  BrokerServer] System.Threading.Tasks.TaskCanceledException: The operation was canceled.
 ---> System.Threading.Tasks.TaskCanceledException: The operation was canceled.
 ---> System.IO.IOException: Unable to read data from the transport connection: Operation canceled.
 ---> System.Net.Sockets.SocketException (89): Operation canceled
   --- End of inner exception stack trace ---
   at System.Net.Sockets.Socket.AwaitableSocketAsyncEventArgs.ThrowException(SocketError error, CancellationToken cancellationToken)
   at System.Net.Sockets.Socket.AwaitableSocketAsyncEventArgs.System.Threading.Tasks.Sources.IValueTaskSource<System.Int32>.GetResult(Int16 token)
   at System.Net.Security.SslStream.EnsureFullTlsFrameAsync[TIOAdapter](CancellationToken cancellationToken, Int32 estimatedSize)
   at System.Runtime.CompilerServices.PoolingAsyncValueTaskMethodBuilder`1.StateMachineBox`1.System.Threading.Tasks.Sources.IValueTaskSource<TResult>.GetResult(Int16 token)
   at System.Net.Security.SslStream.ReadAsyncInternal[TIOAdapter](Memory`1 buffer, CancellationToken cancellationToken)
   at System.Runtime.CompilerServices.PoolingAsyncValueTaskMethodBuilder`1.StateMachineBox`1.System.Threading.Tasks.Sources.IValueTaskSource<TResult>.GetResult(Int16 token)
   at System.Net.Http.HttpConnection.InitialFillAsync(Boolean async)
   at System.Net.Http.HttpConnection.SendAsync(HttpRequestMessage request, Boolean async, CancellationToken cancellationToken)
   --- End of inner exception stack trace ---
   at System.Net.Http.HttpConnection.SendAsync(HttpRequestMessage request, Boolean async, CancellationToken cancellationToken)
   at System.Net.Http.AuthenticationHelper.SendWithNtAuthAsync(HttpRequestMessage request, Uri authUri, Boolean async, ICredentials credentials, Boolean isProxyAuth, HttpConnection connection, HttpConnectionPool connectionPool, CancellationToken cancellationToken)
   at System.Net.Http.HttpConnectionPool.SendWithVersionDetectionAndRetryAsync(HttpRequestMessage request, Boolean async, Boolean doRequestAuth, CancellationToken cancellationToken)
   at System.Net.Http.AuthenticationHelper.SendWithAuthAsync(HttpRequestMessage request, Uri authUri, Boolean async, ICredentials credentials, Boolean preAuthenticate, Boolean isProxyAuth, Boolean doRequestAuth, HttpConnectionPool pool, CancellationToken cancellationToken)
   at System.Net.Http.RedirectHandler.SendAsync(HttpRequestMessage request, Boolean async, CancellationToken cancellationToken)
   at GitHub.Services.Common.RawHttpMessageHandler.SendAsync(HttpRequestMessage request, CancellationToken cancellationToken)
   at GitHub.Services.Common.VssHttpRetryMessageHandler.SendAsync(HttpRequestMessage request, CancellationToken cancellationToken)
   at System.Net.Http.HttpClient.<SendAsync>g__Core|83_0(HttpRequestMessage request, HttpCompletionOption completionOption, CancellationTokenSource cts, Boolean disposeCts, CancellationTokenSource pendingRequestsCts, CancellationToken originalCancellationToken)
   --- End of inner exception stack trace ---
   at System.Net.Http.HttpClient.HandleFailure(Exception e, Boolean telemetryStarted, HttpResponseMessage response, CancellationTokenSource cts, CancellationToken cancellationToken, CancellationTokenSource pendingRequestsCts)
   at System.Net.Http.HttpClient.<SendAsync>g__Core|83_0(HttpRequestMessage request, HttpCompletionOption completionOption, CancellationTokenSource cts, Boolean disposeCts, CancellationTokenSource pendingRequestsCts, CancellationToken originalCancellationToken)
   at Sdk.WebApi.WebApi.RawHttpClientBase.SendAsync(HttpRequestMessage message, HttpCompletionOption completionOption, Object userState, CancellationToken cancellationToken)
   at Sdk.WebApi.WebApi.RawHttpClientBase.SendAsync[T](HttpRequestMessage message, Boolean readErrorBody, Object userState, CancellationToken cancellationToken)
   at Sdk.WebApi.WebApi.RawHttpClientBase.SendAsync[T](HttpMethod method, IEnumerable`1 additionalHeaders, Uri requestUri, HttpContent content, IEnumerable`1 queryParameters, Boolean readErrorBody, Object userState, CancellationToken cancellationToken)
   at GitHub.Actions.RunService.WebApi.BrokerHttpClient.GetRunnerMessageAsync(Nullable`1 sessionId, String runnerVersion, Nullable`1 status, String os, String architecture, Nullable`1 disableUpdate, CancellationToken cancellationToken)
   at GitHub.Runner.Common.BrokerServer.<>c__DisplayClass7_0.<<GetRunnerMessageAsync>b__0>d.MoveNext()
--- End of stack trace from previous location ---
   at GitHub.Runner.Common.RunnerService.RetryRequest[T](Func`1 func, CancellationToken cancellationToken, Int32 maxRetryAttemptsCount, Func`2 shouldRetry)
[2025-02-07 18:28:14Z ERR  BrokerServer] #####################################################
[2025-02-07 18:28:14Z ERR  BrokerServer] System.Threading.Tasks.TaskCanceledException: The operation was canceled.
 ---> System.IO.IOException: Unable to read data from the transport connection: Operation canceled.
 ---> System.Net.Sockets.SocketException (89): Operation canceled
   --- End of inner exception stack trace ---
   at System.Net.Sockets.Socket.AwaitableSocketAsyncEventArgs.ThrowException(SocketError error, CancellationToken cancellationToken)
   at System.Net.Sockets.Socket.AwaitableSocketAsyncEventArgs.System.Threading.Tasks.Sources.IValueTaskSource<System.Int32>.GetResult(Int16 token)
   at System.Net.Security.SslStream.EnsureFullTlsFrameAsync[TIOAdapter](CancellationToken cancellationToken, Int32 estimatedSize)
   at System.Runtime.CompilerServices.PoolingAsyncValueTaskMethodBuilder`1.StateMachineBox`1.System.Threading.Tasks.Sources.IValueTaskSource<TResult>.GetResult(Int16 token)
   at System.Net.Security.SslStream.ReadAsyncInternal[TIOAdapter](Memory`1 buffer, CancellationToken cancellationToken)
   at System.Runtime.CompilerServices.PoolingAsyncValueTaskMethodBuilder`1.StateMachineBox`1.System.Threading.Tasks.Sources.IValueTaskSource<TResult>.GetResult(Int16 token)
   at System.Net.Http.HttpConnection.InitialFillAsync(Boolean async)
   at System.Net.Http.HttpConnection.SendAsync(HttpRequestMessage request, Boolean async, CancellationToken cancellationToken)
   --- End of inner exception stack trace ---
   at System.Net.Http.HttpConnection.SendAsync(HttpRequestMessage request, Boolean async, CancellationToken cancellationToken)
   at System.Net.Http.AuthenticationHelper.SendWithNtAuthAsync(HttpRequestMessage request, Uri authUri, Boolean async, ICredentials credentials, Boolean isProxyAuth, HttpConnection connection, HttpConnectionPool connectionPool, CancellationToken cancellationToken)
   at System.Net.Http.HttpConnectionPool.SendWithVersionDetectionAndRetryAsync(HttpRequestMessage request, Boolean async, Boolean doRequestAuth, CancellationToken cancellationToken)
   at System.Net.Http.AuthenticationHelper.SendWithAuthAsync(HttpRequestMessage request, Uri authUri, Boolean async, ICredentials credentials, Boolean preAuthenticate, Boolean isProxyAuth, Boolean doRequestAuth, HttpConnectionPool pool, CancellationToken cancellationToken)
   at System.Net.Http.RedirectHandler.SendAsync(HttpRequestMessage request, Boolean async, CancellationToken cancellationToken)
   at GitHub.Services.Common.RawHttpMessageHandler.SendAsync(HttpRequestMessage request, CancellationToken cancellationToken)
   at GitHub.Services.Common.VssHttpRetryMessageHandler.SendAsync(HttpRequestMessage request, CancellationToken cancellationToken)
   at System.Net.Http.HttpClient.<SendAsync>g__Core|83_0(HttpRequestMessage request, HttpCompletionOption completionOption, CancellationTokenSource cts, Boolean disposeCts, CancellationTokenSource pendingRequestsCts, CancellationToken originalCancellationToken)
[2025-02-07 18:28:14Z ERR  BrokerServer] #####################################################
[2025-02-07 18:28:14Z ERR  BrokerServer] System.IO.IOException: Unable to read data from the transport connection: Operation canceled.
 ---> System.Net.Sockets.SocketException (89): Operation canceled
   --- End of inner exception stack trace ---
   at System.Net.Sockets.Socket.AwaitableSocketAsyncEventArgs.ThrowException(SocketError error, CancellationToken cancellationToken)
   at System.Net.Sockets.Socket.AwaitableSocketAsyncEventArgs.System.Threading.Tasks.Sources.IValueTaskSource<System.Int32>.GetResult(Int16 token)
   at System.Net.Security.SslStream.EnsureFullTlsFrameAsync[TIOAdapter](CancellationToken cancellationToken, Int32 estimatedSize)
   at System.Runtime.CompilerServices.PoolingAsyncValueTaskMethodBuilder`1.StateMachineBox`1.System.Threading.Tasks.Sources.IValueTaskSource<TResult>.GetResult(Int16 token)
   at System.Net.Security.SslStream.ReadAsyncInternal[TIOAdapter](Memory`1 buffer, CancellationToken cancellationToken)
   at System.Runtime.CompilerServices.PoolingAsyncValueTaskMethodBuilder`1.StateMachineBox`1.System.Threading.Tasks.Sources.IValueTaskSource<TResult>.GetResult(Int16 token)
   at System.Net.Http.HttpConnection.InitialFillAsync(Boolean async)
   at System.Net.Http.HttpConnection.SendAsync(HttpRequestMessage request, Boolean async, CancellationToken cancellationToken)
[2025-02-07 18:28:14Z ERR  BrokerServer] #####################################################
[2025-02-07 18:28:14Z ERR  BrokerServer] System.Net.Sockets.SocketException (89): Operation canceled
[2025-02-07 18:28:14Z WARN BrokerServer] Back off 7.173 seconds before next retry. 4 attempt left.
[2025-02-07 18:28:14Z INFO MessageListener] Get next message has been cancelled.
[2025-02-07 18:28:14Z INFO JobDispatcher] Shutting down JobDispatcher. Make sure all WorkerDispatcher has finished.
[2025-02-07 18:28:14Z INFO Runner] Deleting Runner Session...
[2025-02-07 18:28:14Z INFO Listener] Runner execution been cancelled.
